<?xml version="1.0" encoding="UTF-8"?>
<!-- Generated by org.testng.reporters.JUnitXMLReporter -->
<testsuite ignored="0" hostname="DESKTOP-0FRPLG4" failures="0" tests="3" name="Test" time="21.928" errors="0" timestamp="2021-05-15T23:55:53 IST">
  <testcase classname="com.orangehrm.Againdemo.TestScript.TC_001" name="validate_url" time="0.021"/>
  <testcase classname="com.orangehrm.Againdemo.TestScript.TC_001" name="validate_title" time="0.012"/>
  <testcase classname="com.orangehrm.Againdemo.TestScript.TC_001" name="validate_login" time="7.653"/>
</testsuite> <!-- Test -->
