<?xml version="1.0" encoding="UTF-8"?>
<!-- Generated by org.testng.reporters.JUnitXMLReporter -->
<testsuite hostname="DESKTOP-0FRPLG4" ignored="0" name="Test" tests="3" failures="0" timestamp="2021-05-16T00:00:48 IST" time="18.571" errors="0">
  <testcase name="validate_url" time="0.022" classname="com.orangehrm.Againdemo.TestScript.TC_001"/>
  <testcase name="validate_title" time="0.013" classname="com.orangehrm.Againdemo.TestScript.TC_001"/>
  <testcase name="validate_login" time="6.321" classname="com.orangehrm.Againdemo.TestScript.TC_001"/>
</testsuite> <!-- Test -->
