<?xml version="1.0" encoding="UTF-8"?>
<testng-results skipped="0" failed="0" ignored="0" total="3" passed="3">
  <reporter-output>
  </reporter-output>
  <suite name="Suite" duration-ms="18571" started-at="2021-05-16T00:00:30 IST" finished-at="2021-05-16T00:00:48 IST">
    <groups>
    </groups>
    <test name="Test" duration-ms="18571" started-at="2021-05-16T00:00:30 IST" finished-at="2021-05-16T00:00:48 IST">
      <class name="com.orangehrm.Againdemo.TestScript.TC_001">
        <test-method status="PASS" signature="setup()[pri:0, instance:com.orangehrm.Againdemo.TestScript.TC_001@3d921e20]" name="setup" is-config="true" duration-ms="11954" started-at="2021-05-16T00:00:30 IST" finished-at="2021-05-16T00:00:42 IST">
          <reporter-output>
          </reporter-output>
        </test-method> <!-- setup -->
        <test-method status="PASS" signature="validate_url()[pri:1, instance:com.orangehrm.Againdemo.TestScript.TC_001@3d921e20]" name="validate_url" duration-ms="22" started-at="2021-05-16T00:00:42 IST" finished-at="2021-05-16T00:00:42 IST">
          <reporter-output>
          </reporter-output>
        </test-method> <!-- validate_url -->
        <test-method status="PASS" signature="validate_title()[pri:2, instance:com.orangehrm.Againdemo.TestScript.TC_001@3d921e20]" name="validate_title" duration-ms="13" started-at="2021-05-16T00:00:42 IST" finished-at="2021-05-16T00:00:42 IST">
          <reporter-output>
          </reporter-output>
        </test-method> <!-- validate_title -->
        <test-method status="PASS" signature="validate_login()[pri:3, instance:com.orangehrm.Againdemo.TestScript.TC_001@3d921e20]" name="validate_login" duration-ms="6321" started-at="2021-05-16T00:00:42 IST" finished-at="2021-05-16T00:00:48 IST">
          <reporter-output>
          </reporter-output>
        </test-method> <!-- validate_login -->
        <test-method status="PASS" signature="tearup()[pri:0, instance:com.orangehrm.Againdemo.TestScript.TC_001@3d921e20]" name="tearup" is-config="true" duration-ms="208" started-at="2021-05-16T00:00:48 IST" finished-at="2021-05-16T00:00:48 IST">
          <reporter-output>
          </reporter-output>
        </test-method> <!-- tearup -->
      </class> <!-- com.orangehrm.Againdemo.TestScript.TC_001 -->
    </test> <!-- Test -->
  </suite> <!-- Suite -->
</testng-results>
