<?xml version="1.0" encoding="UTF-8"?>
<testng-results ignored="0" total="3" passed="3" failed="0" skipped="0">
  <reporter-output>
  </reporter-output>
  <suite started-at="2021-05-15T23:55:31 IST" name="Suite" finished-at="2021-05-15T23:55:53 IST" duration-ms="21928">
    <groups>
    </groups>
    <test started-at="2021-05-15T23:55:31 IST" name="Test" finished-at="2021-05-15T23:55:53 IST" duration-ms="21928">
      <class name="com.orangehrm.Againdemo.TestScript.TC_001">
        <test-method is-config="true" signature="setup()[pri:0, instance:com.orangehrm.Againdemo.TestScript.TC_001@359f7cdf]" started-at="2021-05-15T23:55:31 IST" name="setup" finished-at="2021-05-15T23:55:45 IST" duration-ms="14006" status="PASS">
          <reporter-output>
          </reporter-output>
        </test-method> <!-- setup -->
        <test-method signature="validate_url()[pri:1, instance:com.orangehrm.Againdemo.TestScript.TC_001@359f7cdf]" started-at="2021-05-15T23:55:45 IST" name="validate_url" finished-at="2021-05-15T23:55:45 IST" duration-ms="21" status="PASS">
          <reporter-output>
          </reporter-output>
        </test-method> <!-- validate_url -->
        <test-method signature="validate_title()[pri:2, instance:com.orangehrm.Againdemo.TestScript.TC_001@359f7cdf]" started-at="2021-05-15T23:55:45 IST" name="validate_title" finished-at="2021-05-15T23:55:45 IST" duration-ms="12" status="PASS">
          <reporter-output>
          </reporter-output>
        </test-method> <!-- validate_title -->
        <test-method signature="validate_login()[pri:3, instance:com.orangehrm.Againdemo.TestScript.TC_001@359f7cdf]" started-at="2021-05-15T23:55:45 IST" name="validate_login" finished-at="2021-05-15T23:55:53 IST" duration-ms="7653" status="PASS">
          <reporter-output>
          </reporter-output>
        </test-method> <!-- validate_login -->
        <test-method is-config="true" signature="tearup()[pri:0, instance:com.orangehrm.Againdemo.TestScript.TC_001@359f7cdf]" started-at="2021-05-15T23:55:53 IST" name="tearup" finished-at="2021-05-15T23:55:53 IST" duration-ms="130" status="PASS">
          <reporter-output>
          </reporter-output>
        </test-method> <!-- tearup -->
      </class> <!-- com.orangehrm.Againdemo.TestScript.TC_001 -->
    </test> <!-- Test -->
  </suite> <!-- Suite -->
</testng-results>
